2019-12-13 13:36:19 INFO  AssignmentAmazon:47 - Amazon website opened successully !!!
2019-12-13 13:36:19 INFO  Utility:100 - ==========================start All Button Search functionality=================================
2019-12-13 13:36:19 INFO  Utility:101 - Printing  the categories based on Filter criteria(ALL Button)
2019-12-13 13:36:19 INFO  Utility:103 - All Categories
2019-12-13 13:36:19 INFO  Utility:103 - Alexa Skills
2019-12-13 13:36:19 INFO  Utility:103 - Amazon Devices
2019-12-13 13:36:19 INFO  Utility:103 - Amazon Fashion
2019-12-13 13:36:19 INFO  Utility:103 - Amazon Fresh
2019-12-13 13:36:19 INFO  Utility:103 - Amazon Global Store
2019-12-13 13:36:19 INFO  Utility:103 - Amazon Pantry
2019-12-13 13:36:19 INFO  Utility:103 - Appliances
2019-12-13 13:36:19 INFO  Utility:103 - Apps & Games
2019-12-13 13:36:19 INFO  Utility:103 - Baby
2019-12-13 13:36:19 INFO  Utility:103 - Beauty
2019-12-13 13:36:19 INFO  Utility:103 - Books
2019-12-13 13:36:19 INFO  Utility:103 - Car & Motorbike
2019-12-13 13:36:19 INFO  Utility:103 - Clothing & Accessories
2019-12-13 13:36:19 INFO  Utility:103 - Collectibles
2019-12-13 13:36:19 INFO  Utility:103 - Computers & Accessories
2019-12-13 13:36:19 INFO  Utility:103 - Electronics
2019-12-13 13:36:19 INFO  Utility:103 - Furniture
2019-12-13 13:36:19 INFO  Utility:103 - Garden & Outdoors
2019-12-13 13:36:19 INFO  Utility:103 - Gift Cards
2019-12-13 13:36:19 INFO  Utility:103 - Grocery & Gourmet Foods
2019-12-13 13:36:19 INFO  Utility:103 - Health & Personal Care
2019-12-13 13:36:19 INFO  Utility:103 - Home & Kitchen
2019-12-13 13:36:19 INFO  Utility:103 - Industrial & Scientific
2019-12-13 13:36:19 INFO  Utility:103 - Jewellery
2019-12-13 13:36:19 INFO  Utility:103 - Kindle Store
2019-12-13 13:36:19 INFO  Utility:103 - Luggage & Bags
2019-12-13 13:36:19 INFO  Utility:103 - Luxury Beauty
2019-12-13 13:36:20 INFO  Utility:103 - Movies & TV Shows
2019-12-13 13:36:20 INFO  Utility:103 - Music
2019-12-13 13:36:20 INFO  Utility:103 - Musical Instruments
2019-12-13 13:36:20 INFO  Utility:103 - Office Products
2019-12-13 13:36:20 INFO  Utility:103 - Pet Supplies
2019-12-13 13:36:20 INFO  Utility:103 - Prime Video
2019-12-13 13:36:20 INFO  Utility:103 - Shoes & Handbags
2019-12-13 13:36:20 INFO  Utility:103 - Software
2019-12-13 13:36:20 INFO  Utility:103 - Sports, Fitness & Outdoors
2019-12-13 13:36:20 INFO  Utility:103 - Tools & Home Improvement
2019-12-13 13:36:20 INFO  Utility:103 - Toys & Games
2019-12-13 13:36:20 INFO  Utility:103 - Under ₹500
2019-12-13 13:36:20 INFO  Utility:103 - Video Games
2019-12-13 13:36:20 INFO  Utility:103 - Watches
2019-12-13 13:36:20 INFO  Utility:105 - ===========================end===================================================================
2019-12-13 13:36:24 INFO  Utility:112 - ==========================start usb hub 3.0 search functionality=================================
2019-12-13 13:36:24 INFO  Utility:113 - Printing the total number of products listed based on Filter criteria(usb hub 3.0)
2019-12-13 13:36:24 INFO  Utility:115 - 1-16 of over 10,000 results
2019-12-13 13:36:24 INFO  Utility:116 - ===========================end===================================================================
2019-12-13 13:36:24 INFO  Utility:120 - ==========================Prime Enabled Functionality=================================
2019-12-13 13:36:27 INFO  Utility:125 - ==========================Prime Enabled=================================
2019-12-13 13:36:27 INFO  Utility:135 - ==========================Prime Disabled Functionality=================================
2019-12-13 13:36:30 INFO  Utility:141 - ==========================Prime Disabled=================================
2019-12-13 13:36:34 INFO  Utility:175 - ============Items are listed according to the ascending order of the price============
2019-12-13 13:36:35 INFO  Utility:180 - Product Name ==>Quantum QHM6633 4 Port Hi-Speed USB Hub (Multicolor)##########Product Price ==>247
2019-12-13 13:36:35 INFO  Utility:180 - Product Name ==>PremiumAV 4-Port USB Hub (White)##########Product Price ==>119
2019-12-13 13:36:35 INFO  Utility:180 - Product Name ==>Quantum QHM6642 4 Port Hi-Speed USB Hub (Black)##########Product Price ==>193
2019-12-13 13:36:35 INFO  Utility:180 - Product Name ==>Quantum QHM6660 4 Port Hi-Speed USB Hub with Power Switch (Black)##########Product Price ==>129
2019-12-13 13:36:35 INFO  Utility:180 - Product Name ==>Quantum QHM6633 4 Port Hi-Speed USB Hub (White)##########Product Price ==>129
2019-12-13 13:36:35 INFO  Utility:180 - Product Name ==>QUANTUM QHM6660 4-Port USB Hub (White)##########Product Price ==>192
2019-12-13 13:36:35 INFO  Utility:180 - Product Name ==>Terabyte 4 Port USB 3.0/2.0 Hub (White)##########Product Price ==>140
2019-12-13 13:36:35 INFO  Utility:180 - Product Name ==>Terabyte 4-Port USB Hub (Black)##########Product Price ==>142
2019-12-13 13:36:35 INFO  Utility:180 - Product Name ==>Quantum QHM6633 4 Port Hi-Speed USB Hub (White)##########Product Price ==>149
2019-12-13 13:36:35 INFO  Utility:180 - Product Name ==>S3S Terabyte USB 3.0, 4 Port USB Hub (White, M_Edge_29)##########Product Price ==>150
